<?xml version="1.0" encoding="UTF-8"?>
<!-- Generated by org.testng.reporters.JUnitXMLReporter -->
<testsuite ignored="0" hostname="DESKTOP-CLI6E80" failures="1" tests="22" name="steimatzky - test" time="892.121" errors="0" timestamp="2021-01-06T15:50:00 IST">
  <testcase classname="Navigation_bar.Navigation_bar" name="sales" time="3.084"/>
  <testcase classname="Navigation_bar.Navigation_bar" name="mCategorys" time="17.455"/>
  <testcase classname="Navigation_bar.Navigation_bar" name="club" time="0.775"/>
  <testcase classname="Navigation_bar.Navigation_bar" name="books_subCategory" time="291.501"/>
  <testcase classname="Navigation_bar.Navigation_bar" name="English_Books_subCategory" time="11.964"/>
  <testcase classname="Navigation_bar.Navigation_bar" name="games_subCategory" time="1.717"/>
  <testcase classname="Navigation_bar.Navigation_bar" name="Gifts_and_leisure_subCategory" time="18.671">
    <failure type="org.openqa.selenium.NoSuchElementException" message="no such element: Unable to locate element: {&amp;quot;method&amp;quot;:&amp;quot;xpath&amp;quot;,&amp;quot;selector&amp;quot;:&amp;quot;//ul[@id=&amp;apos;catMenu&amp;apos;]/li[6]/div/ul/li/ul/li[8]/a&amp;quot;}
  (Session info: chrome=87.0.4280.88)
For documentation on this error, please visit: https://www.seleniumhq.org/exceptions/no_such_element.html
Build info: version: &amp;apos;3.141.59&amp;apos;, revision: &amp;apos;e82be7d358&amp;apos;, time: &amp;apos;2018-11-14T08:17:03&amp;apos;
System info: host: &amp;apos;DESKTOP-CLI6E80&amp;apos;, ip: &amp;apos;10.100.102.12&amp;apos;, os.name: &amp;apos;Windows 10&amp;apos;, os.arch: &amp;apos;amd64&amp;apos;, os.version: &amp;apos;10.0&amp;apos;, java.version: &amp;apos;14.0.2&amp;apos;
Driver info: org.openqa.selenium.chrome.ChromeDriver
Capabilities {acceptInsecureCerts: false, browserName: chrome, browserVersion: 87.0.4280.88, chrome: {chromedriverVersion: 87.0.4280.88 (89e2380a3e36c..., userDataDir: C:\Users\royko\AppData\Loca...}, goog:chromeOptions: {debuggerAddress: localhost:63914}, javascriptEnabled: true, networkConnectionEnabled: false, pageLoadStrategy: normal, platform: WINDOWS, platformName: WINDOWS, proxy: Proxy(), setWindowRect: true, strictFileInteractability: false, timeouts: {implicit: 0, pageLoad: 300000, script: 30000}, unhandledPromptBehavior: dismiss and notify, webauthn:virtualAuthenticators: true}
Session ID: 6814797224c0271d82c93ad17d927de6
*** Element info: {Using=xpath, value=//ul[@id=&amp;apos;catMenu&amp;apos;]/li[6]/div/ul/li/ul/li[8]/a}">
      <![CDATA[org.openqa.selenium.NoSuchElementException: no such element: Unable to locate element: {"method":"xpath","selector":"//ul[@id='catMenu']/li[6]/div/ul/li/ul/li[8]/a"}
  (Session info: chrome=87.0.4280.88)
For documentation on this error, please visit: https://www.seleniumhq.org/exceptions/no_such_element.html
Build info: version: '3.141.59', revision: 'e82be7d358', time: '2018-11-14T08:17:03'
System info: host: 'DESKTOP-CLI6E80', ip: '10.100.102.12', os.name: 'Windows 10', os.arch: 'amd64', os.version: '10.0', java.version: '14.0.2'
Driver info: org.openqa.selenium.chrome.ChromeDriver
Capabilities {acceptInsecureCerts: false, browserName: chrome, browserVersion: 87.0.4280.88, chrome: {chromedriverVersion: 87.0.4280.88 (89e2380a3e36c..., userDataDir: C:\Users\royko\AppData\Loca...}, goog:chromeOptions: {debuggerAddress: localhost:63914}, javascriptEnabled: true, networkConnectionEnabled: false, pageLoadStrategy: normal, platform: WINDOWS, platformName: WINDOWS, proxy: Proxy(), setWindowRect: true, strictFileInteractability: false, timeouts: {implicit: 0, pageLoad: 300000, script: 30000}, unhandledPromptBehavior: dismiss and notify, webauthn:virtualAuthenticators: true}
Session ID: 6814797224c0271d82c93ad17d927de6
*** Element info: {Using=xpath, value=//ul[@id='catMenu']/li[6]/div/ul/li/ul/li[8]/a}
at org.openqa.selenium.remote.http.W3CHttpResponseCodec.createException(W3CHttpResponseCodec.java:187)
at org.openqa.selenium.remote.http.W3CHttpResponseCodec.decode(W3CHttpResponseCodec.java:122)
at org.openqa.selenium.remote.http.W3CHttpResponseCodec.decode(W3CHttpResponseCodec.java:49)
at org.openqa.selenium.remote.HttpCommandExecutor.execute(HttpCommandExecutor.java:158)
at org.openqa.selenium.remote.service.DriverCommandExecutor.execute(DriverCommandExecutor.java:83)
at org.openqa.selenium.remote.RemoteWebDriver.execute(RemoteWebDriver.java:552)
at org.openqa.selenium.remote.RemoteWebDriver.findElement(RemoteWebDriver.java:323)
at org.openqa.selenium.remote.RemoteWebDriver.findElementByXPath(RemoteWebDriver.java:428)
at org.openqa.selenium.By$ByXPath.findElement(By.java:353)
at org.openqa.selenium.remote.RemoteWebDriver.findElement(RemoteWebDriver.java:315)
at Tools.Navigation_bar_id.subCatagory(Navigation_bar_id.java:20)
at Navigation_bar.Navigation_bar.Gifts_and_leisure_subCategory(Navigation_bar.java:163)
at java.base/java.util.ArrayList.forEach(ArrayList.java:1511)
... Removed 32 stack frames]]>
    </failure>
  </testcase> <!-- Gifts_and_leisure_subCategory -->
  <testcase classname="Navigation_bar.Navigation_bar" name="music_subCategory" time="11.058"/>
  <testcase classname="Navigation_bar.Navigation_bar" name="Appliances_subCategory" time="5.329"/>
  <testcase classname="Navigation_bar.Navigation_bar" name="Smartphones_subCategory" time="2.216"/>
  <testcase classname="Navigation_bar.Navigation_bar" name="Cosmetics_and_perfumes_subCategory" time="3.874"/>
  <testcase classname="Navigation_bar.Navigation_bar" name="HOME_subCategory" time="6.61"/>
  <testcase classname="Navigation_bar.Navigation_bar" name="camping_subCategory" time="2.788"/>
  <testcase classname="Navigation_bar.Navigation_bar" name="Costumers_club_subCategory" time="5.296"/>
  <testcase classname="search.search" name="books" time="230.266"/>
  <testcase classname="search.search" name="English_Books" time="45.739"/>
  <testcase classname="search.search" name="Games_toys_and_puzzles" time="23.36"/>
  <testcase classname="search.search" name="Gifts_and_leisure" time="52.362"/>
  <testcase classname="search.search" name="music" time="27.66"/>
  <testcase classname="search.search" name="Appliances_and_smartphones" time="42.765"/>
  <testcase classname="search.search" name="Cosmetics_and_perfumes" time="23.503"/>
  <testcase classname="search.search" name="Home_and_camping" time="47.075"/>
</testsuite> <!-- steimatzky - test -->
